Using pre-set license
Built from '2020.2/staging' branch; Version is '2020.2.6f1 (8a2143876886) revision 9052483'; Using compiler version '192528614'; Build Type 'Release'
OS: 'Windows 10 Home; OS build 19042.1237; Version 2009; 64bit' Language: 'nl' Physical Memory: 16334 MB
BatchMode: 1, IsHumanControllingUs: 0, StartBugReporterOnCrash: 0, Is64bit: 1, IsPro: 0

 COMMAND LINE ARGUMENTS:
C:\Program Files\Unity\Hub\Editor\2020.2.6f1\Editor\Unity.exe
-adb2
-batchMode
-noUpm
-name
AssetImportWorker0
-projectPath
C:/Users/xdove/Desktop/ETHGlobal/ETHGlobal Game
-logFile
Logs/AssetImportWorker0.log
-srvPort
56967
Successfully changed project path to: C:/Users/xdove/Desktop/ETHGlobal/ETHGlobal Game
C:/Users/xdove/Desktop/ETHGlobal/ETHGlobal Game
Using Asset Import Pipeline V2.
Refreshing native plugins compatible for Editor in 37.89 ms, found 1 plugins.
Preloading 0 native plugins for Editor in 0.00 ms.
Initialize engine version: 2020.2.6f1 (8a2143876886)
[Subsystems] Discovering subsystems at path C:/Program Files/Unity/Hub/Editor/2020.2.6f1/Editor/Data/Resources/UnitySubsystems
[Subsystems] Discovering subsystems at path C:/Users/xdove/Desktop/ETHGlobal/ETHGlobal Game/Assets
GfxDevice: creating device client; threaded=0
Direct3D:
    Version:  Direct3D 11.0 [level 11.1]
    Renderer: NVIDIA GeForce GTX 1060 6GB (ID=0x1c03)
    Vendor:   
    VRAM:     6052 MB
    Driver:   30.0.14.7111
Initialize mono
Mono path[0] = 'C:/Program Files/Unity/Hub/Editor/2020.2.6f1/Editor/Data/Managed'
Mono path[1] = 'C:/Program Files/Unity/Hub/Editor/2020.2.6f1/Editor/Data/MonoBleedingEdge/lib/mono/unityjit'
Mono config path = 'C:/Program Files/Unity/Hub/Editor/2020.2.6f1/Editor/Data/MonoBleedingEdge/etc'
Using monoOptions --debugger-agent=transport=dt_socket,embedding=1,server=y,suspend=n,address=127.0.0.1:56156
Begin MonoManager ReloadAssembly
Registering precompiled unity dll's ...
Register platform support module: C:/Program Files/Unity/Hub/Editor/2020.2.6f1/Editor/Data/PlaybackEngines/WebGLSupport/UnityEditor.WebGL.Extensions.dll
Register platform support module: C:/Program Files/Unity/Hub/Editor/2020.2.6f1/Editor/Data/PlaybackEngines/WindowsStandaloneSupport/UnityEditor.WindowsStandalone.Extensions.dll
Registered in 0.002554 seconds.
Native extension for WindowsStandalone target not found
Native extension for WebGL target not found
Refreshing native plugins compatible for Editor in 36.66 ms, found 1 plugins.
Preloading 0 native plugins for Editor in 0.00 ms.
Invoked RoslynAnalysisRunner static constructor.
RoslynAnalysisRunner will not be running.
RoslynAnalysisRunner has terminated.
Mono: successfully reloaded assembly
- Completed reload, in  1.068 seconds
Platform modules already initialized, skipping
Registering precompiled user dll's ...
Registered in 0.003041 seconds.
Begin MonoManager ReloadAssembly
Native extension for WindowsStandalone target not found
Native extension for WebGL target not found
Refreshing native plugins compatible for Editor in 0.66 ms, found 1 plugins.
Preloading 0 native plugins for Editor in 0.00 ms.
Invoked RoslynAnalysisRunner static constructor.
RoslynAnalysisRunner will not be running.
RoslynAnalysisRunner has terminated.
Mono: successfully reloaded assembly
- Completed reload, in  0.912 seconds
Platform modules already initialized, skipping
========================================================================
Worker process is ready to serve import requests
Launched and connected shader compiler UnityShaderCompiler.exe after 0.03 seconds
Refreshing native plugins compatible for Editor in 0.43 ms, found 1 plugins.
Preloading 0 native plugins for Editor in 0.00 ms.
Unloading 1912 Unused Serialized files (Serialized files now loaded: 0)
System memory in use before: 305.4 MB.
System memory in use after: 305.5 MB.

Unloading 23 unused Assets to reduce memory usage. Loaded Objects now: 2379.
Total: 1.722700 ms (FindLiveObjects: 0.194600 ms CreateObjectMapping: 0.046600 ms MarkObjects: 1.412200 ms  DeleteObjects: 0.068500 ms)

========================================================================
Received Import Request.
  path: Assets/DungeonManager.cs
  artifactKey: Guid(e20180be568349646a99058c0d6e9b39) Importer(815301076,1909f56bfc062723c751e8b465ee728b)
Start importing Assets/DungeonManager.cs using Guid(e20180be568349646a99058c0d6e9b39) Importer(815301076,1909f56bfc062723c751e8b465ee728b)  -> (artifact id: '910f5a6e094bf1a5ff0863738af13318') in 0.024446 seconds
  Import took 0.027312 seconds .

========================================================================
Received Import Request.
  Time since last request: 44.027657 seconds.
  path: Assets/DungeonManager.cs
  artifactKey: Guid(e20180be568349646a99058c0d6e9b39) Importer(815301076,1909f56bfc062723c751e8b465ee728b)
Start importing Assets/DungeonManager.cs using Guid(e20180be568349646a99058c0d6e9b39) Importer(815301076,1909f56bfc062723c751e8b465ee728b)  -> (artifact id: '6ab995c316ba1936e7c77875230fd7f7') in 0.003391 seconds
  Import took 0.006535 seconds .

========================================================================
Received Prepare
Registering precompiled user dll's ...
Registered in 0.003011 seconds.
Begin MonoManager ReloadAssembly
Native extension for WindowsStandalone target not found
Native extension for WebGL target not found
Refreshing native plugins compatible for Editor in 0.43 ms, found 1 plugins.
Preloading 0 native plugins for Editor in 0.00 ms.
Invoked RoslynAnalysisRunner static constructor.
RoslynAnalysisRunner will not be running.
RoslynAnalysisRunner has terminated.
Mono: successfully reloaded assembly
- Completed reload, in  0.696 seconds
Platform modules already initialized, skipping
Refreshing native plugins compatible for Editor in 0.44 ms, found 1 plugins.
Preloading 0 native plugins for Editor in 0.00 ms.
Unloading 1853 Unused Serialized files (Serialized files now loaded: 0)
System memory in use before: 301.1 MB.
System memory in use after: 301.2 MB.

Unloading 15 unused Assets to reduce memory usage. Loaded Objects now: 2382.
Total: 1.792800 ms (FindLiveObjects: 0.209300 ms CreateObjectMapping: 0.042600 ms MarkObjects: 1.518400 ms  DeleteObjects: 0.021600 ms)

