Using pre-set license
Built from '2020.2/staging' branch; Version is '2020.2.6f1 (8a2143876886) revision 9052483'; Using compiler version '192528614'; Build Type 'Release'
OS: 'Windows 10 Home; OS build 19042.1237; Version 2009; 64bit' Language: 'nl' Physical Memory: 16334 MB
BatchMode: 1, IsHumanControllingUs: 0, StartBugReporterOnCrash: 0, Is64bit: 1, IsPro: 0

 COMMAND LINE ARGUMENTS:
C:\Program Files\Unity\Hub\Editor\2020.2.6f1\Editor\Unity.exe
-adb2
-batchMode
-noUpm
-name
AssetImportWorker1
-projectPath
C:/Users/xdove/Desktop/ETHGlobal/ETHGlobal Game
-logFile
Logs/AssetImportWorker1.log
-srvPort
57850
Successfully changed project path to: C:/Users/xdove/Desktop/ETHGlobal/ETHGlobal Game
C:/Users/xdove/Desktop/ETHGlobal/ETHGlobal Game
Using Asset Import Pipeline V2.
Refreshing native plugins compatible for Editor in 36.72 ms, found 1 plugins.
Preloading 0 native plugins for Editor in 0.00 ms.
Initialize engine version: 2020.2.6f1 (8a2143876886)
[Subsystems] Discovering subsystems at path C:/Program Files/Unity/Hub/Editor/2020.2.6f1/Editor/Data/Resources/UnitySubsystems
[Subsystems] Discovering subsystems at path C:/Users/xdove/Desktop/ETHGlobal/ETHGlobal Game/Assets
GfxDevice: creating device client; threaded=0
Direct3D:
    Version:  Direct3D 11.0 [level 11.1]
    Renderer: NVIDIA GeForce GTX 1060 6GB (ID=0x1c03)
    Vendor:   
    VRAM:     6052 MB
    Driver:   30.0.14.7111
Initialize mono
Mono path[0] = 'C:/Program Files/Unity/Hub/Editor/2020.2.6f1/Editor/Data/Managed'
Mono path[1] = 'C:/Program Files/Unity/Hub/Editor/2020.2.6f1/Editor/Data/MonoBleedingEdge/lib/mono/unityjit'
Mono config path = 'C:/Program Files/Unity/Hub/Editor/2020.2.6f1/Editor/Data/MonoBleedingEdge/etc'
Using monoOptions --debugger-agent=transport=dt_socket,embedding=1,server=y,suspend=n,address=127.0.0.1:56392
Begin MonoManager ReloadAssembly
Registering precompiled unity dll's ...
Register platform support module: C:/Program Files/Unity/Hub/Editor/2020.2.6f1/Editor/Data/PlaybackEngines/WebGLSupport/UnityEditor.WebGL.Extensions.dll
Register platform support module: C:/Program Files/Unity/Hub/Editor/2020.2.6f1/Editor/Data/PlaybackEngines/WindowsStandaloneSupport/UnityEditor.WindowsStandalone.Extensions.dll
Registered in 0.001990 seconds.
Native extension for WindowsStandalone target not found
Native extension for WebGL target not found
Refreshing native plugins compatible for Editor in 38.11 ms, found 1 plugins.
Preloading 0 native plugins for Editor in 0.00 ms.
Invoked RoslynAnalysisRunner static constructor.
RoslynAnalysisRunner will not be running.
RoslynAnalysisRunner has terminated.
Mono: successfully reloaded assembly
- Completed reload, in  1.049 seconds
Platform modules already initialized, skipping
Registering precompiled user dll's ...
Registered in 0.003622 seconds.
Begin MonoManager ReloadAssembly
Native extension for WindowsStandalone target not found
Native extension for WebGL target not found
Refreshing native plugins compatible for Editor in 0.64 ms, found 1 plugins.
Preloading 0 native plugins for Editor in 0.00 ms.
Invoked RoslynAnalysisRunner static constructor.
RoslynAnalysisRunner will not be running.
RoslynAnalysisRunner has terminated.
Mono: successfully reloaded assembly
- Completed reload, in  0.919 seconds
Platform modules already initialized, skipping
========================================================================
Worker process is ready to serve import requests
Launched and connected shader compiler UnityShaderCompiler.exe after 0.05 seconds
Refreshing native plugins compatible for Editor in 0.78 ms, found 1 plugins.
Preloading 0 native plugins for Editor in 0.00 ms.
Unloading 1917 Unused Serialized files (Serialized files now loaded: 0)
System memory in use before: 305.7 MB.
System memory in use after: 305.8 MB.

Unloading 23 unused Assets to reduce memory usage. Loaded Objects now: 2384.
Total: 1.870900 ms (FindLiveObjects: 0.227200 ms CreateObjectMapping: 0.047500 ms MarkObjects: 1.506200 ms  DeleteObjects: 0.088900 ms)

========================================================================
Received Import Request.
  path: Assets/Prefabs/Enemies/Enemy-Slime.prefab
  artifactKey: Guid(bd29076ae8a273b41ad60e1b5ac34829) Importer(815301076,1909f56bfc062723c751e8b465ee728b)
Start importing Assets/Prefabs/Enemies/Enemy-Slime.prefab using Guid(bd29076ae8a273b41ad60e1b5ac34829) Importer(815301076,1909f56bfc062723c751e8b465ee728b)  -> (artifact id: '6c79b102346af1b087e573a2c0520276') in 0.130845 seconds
  Import took 0.136205 seconds .

========================================================================
Received Prepare
Refreshing native plugins compatible for Editor in 3.55 ms, found 1 plugins.
Preloading 0 native plugins for Editor in 0.00 ms.
Unloading 13 Unused Serialized files (Serialized files now loaded: 0)
System memory in use before: 268.8 MB.
System memory in use after: 268.9 MB.

Unloading 13 unused Assets to reduce memory usage. Loaded Objects now: 2391.
Total: 2.431900 ms (FindLiveObjects: 0.251100 ms CreateObjectMapping: 0.040600 ms MarkObjects: 2.121100 ms  DeleteObjects: 0.017800 ms)

========================================================================
Received Prepare
Registering precompiled user dll's ...
Registered in 0.003434 seconds.
Begin MonoManager ReloadAssembly
Native extension for WindowsStandalone target not found
Native extension for WebGL target not found
Refreshing native plugins compatible for Editor in 0.45 ms, found 1 plugins.
Preloading 0 native plugins for Editor in 0.00 ms.
Invoked RoslynAnalysisRunner static constructor.
RoslynAnalysisRunner will not be running.
RoslynAnalysisRunner has terminated.
Mono: successfully reloaded assembly
- Completed reload, in  0.821 seconds
Platform modules already initialized, skipping
Refreshing native plugins compatible for Editor in 0.47 ms, found 1 plugins.
Preloading 0 native plugins for Editor in 0.00 ms.
Unloading 1858 Unused Serialized files (Serialized files now loaded: 0)
System memory in use before: 304.5 MB.
System memory in use after: 304.7 MB.

Unloading 15 unused Assets to reduce memory usage. Loaded Objects now: 2394.
Total: 2.104000 ms (FindLiveObjects: 0.222800 ms CreateObjectMapping: 0.044300 ms MarkObjects: 1.818600 ms  DeleteObjects: 0.017500 ms)

========================================================================
Received Prepare
Registering precompiled user dll's ...
Registered in 0.002900 seconds.
Begin MonoManager ReloadAssembly
Native extension for WindowsStandalone target not found
Native extension for WebGL target not found
Refreshing native plugins compatible for Editor in 0.42 ms, found 1 plugins.
Preloading 0 native plugins for Editor in 0.00 ms.
Invoked RoslynAnalysisRunner static constructor.
RoslynAnalysisRunner will not be running.
RoslynAnalysisRunner has terminated.
Mono: successfully reloaded assembly
- Completed reload, in  0.719 seconds
Platform modules already initialized, skipping
Refreshing native plugins compatible for Editor in 0.46 ms, found 1 plugins.
Preloading 0 native plugins for Editor in 0.00 ms.
Unloading 1858 Unused Serialized files (Serialized files now loaded: 0)
System memory in use before: 304.6 MB.
System memory in use after: 304.7 MB.

Unloading 15 unused Assets to reduce memory usage. Loaded Objects now: 2397.
Total: 2.013000 ms (FindLiveObjects: 0.213400 ms CreateObjectMapping: 0.050000 ms MarkObjects: 1.727800 ms  DeleteObjects: 0.020800 ms)

========================================================================
Received Prepare
Registering precompiled user dll's ...
Registered in 0.003017 seconds.
Begin MonoManager ReloadAssembly
Native extension for WindowsStandalone target not found
Native extension for WebGL target not found
Refreshing native plugins compatible for Editor in 0.43 ms, found 1 plugins.
Preloading 0 native plugins for Editor in 0.00 ms.
Invoked RoslynAnalysisRunner static constructor.
RoslynAnalysisRunner will not be running.
RoslynAnalysisRunner has terminated.
Mono: successfully reloaded assembly
- Completed reload, in  0.682 seconds
Platform modules already initialized, skipping
Refreshing native plugins compatible for Editor in 0.44 ms, found 1 plugins.
Preloading 0 native plugins for Editor in 0.00 ms.
Unloading 1858 Unused Serialized files (Serialized files now loaded: 0)
System memory in use before: 304.6 MB.
System memory in use after: 304.7 MB.

Unloading 15 unused Assets to reduce memory usage. Loaded Objects now: 2400.
Total: 2.133500 ms (FindLiveObjects: 0.314800 ms CreateObjectMapping: 0.135700 ms MarkObjects: 1.657800 ms  DeleteObjects: 0.023500 ms)

========================================================================
Received Prepare
Registering precompiled user dll's ...
Registered in 0.003002 seconds.
Begin MonoManager ReloadAssembly
Native extension for WindowsStandalone target not found
Native extension for WebGL target not found
Refreshing native plugins compatible for Editor in 0.45 ms, found 1 plugins.
Preloading 0 native plugins for Editor in 0.00 ms.
Invoked RoslynAnalysisRunner static constructor.
RoslynAnalysisRunner will not be running.
RoslynAnalysisRunner has terminated.
Mono: successfully reloaded assembly
- Completed reload, in  0.683 seconds
Platform modules already initialized, skipping
Refreshing native plugins compatible for Editor in 0.46 ms, found 1 plugins.
Preloading 0 native plugins for Editor in 0.00 ms.
Unloading 1858 Unused Serialized files (Serialized files now loaded: 0)
System memory in use before: 304.6 MB.
System memory in use after: 304.7 MB.

Unloading 15 unused Assets to reduce memory usage. Loaded Objects now: 2403.
Total: 1.748100 ms (FindLiveObjects: 0.182700 ms CreateObjectMapping: 0.042700 ms MarkObjects: 1.504700 ms  DeleteObjects: 0.016700 ms)

========================================================================
Received Prepare
Registering precompiled user dll's ...
Registered in 0.003138 seconds.
Begin MonoManager ReloadAssembly
Native extension for WindowsStandalone target not found
Native extension for WebGL target not found
Refreshing native plugins compatible for Editor in 0.45 ms, found 1 plugins.
Preloading 0 native plugins for Editor in 0.00 ms.
Invoked RoslynAnalysisRunner static constructor.
RoslynAnalysisRunner will not be running.
RoslynAnalysisRunner has terminated.
Mono: successfully reloaded assembly
- Completed reload, in  0.674 seconds
Platform modules already initialized, skipping
Refreshing native plugins compatible for Editor in 0.44 ms, found 1 plugins.
Preloading 0 native plugins for Editor in 0.00 ms.
Unloading 1858 Unused Serialized files (Serialized files now loaded: 0)
System memory in use before: 304.6 MB.
System memory in use after: 304.7 MB.

Unloading 15 unused Assets to reduce memory usage. Loaded Objects now: 2406.
Total: 1.812800 ms (FindLiveObjects: 0.207900 ms CreateObjectMapping: 0.052600 ms MarkObjects: 1.531400 ms  DeleteObjects: 0.019900 ms)

========================================================================
Received Prepare
Registering precompiled user dll's ...
Registered in 0.003864 seconds.
Begin MonoManager ReloadAssembly
Native extension for WindowsStandalone target not found
Native extension for WebGL target not found
Refreshing native plugins compatible for Editor in 0.52 ms, found 1 plugins.
Preloading 0 native plugins for Editor in 0.00 ms.
Invoked RoslynAnalysisRunner static constructor.
RoslynAnalysisRunner will not be running.
RoslynAnalysisRunner has terminated.
Mono: successfully reloaded assembly
- Completed reload, in  0.805 seconds
Platform modules already initialized, skipping
Refreshing native plugins compatible for Editor in 0.47 ms, found 1 plugins.
Preloading 0 native plugins for Editor in 0.00 ms.
Unloading 1858 Unused Serialized files (Serialized files now loaded: 0)
System memory in use before: 304.6 MB.
System memory in use after: 304.8 MB.

Unloading 15 unused Assets to reduce memory usage. Loaded Objects now: 2409.
Total: 1.734300 ms (FindLiveObjects: 0.211300 ms CreateObjectMapping: 0.040300 ms MarkObjects: 1.466700 ms  DeleteObjects: 0.015200 ms)

========================================================================
Received Import Request.
  Time since last request: 49301.685717 seconds.
  path: Assets/Scripts/Card.cs
  artifactKey: Guid(562074962e294c44a9215d24fb48a99f) Importer(815301076,1909f56bfc062723c751e8b465ee728b)
Start importing Assets/Scripts/Card.cs using Guid(562074962e294c44a9215d24fb48a99f) Importer(815301076,1909f56bfc062723c751e8b465ee728b)  -> (artifact id: '4e18e0468e44b5527d2ba03ab1ef0d9a') in 0.082102 seconds
  Import took 0.131614 seconds .

========================================================================
Received Prepare
Registering precompiled user dll's ...
Registered in 0.003149 seconds.
Begin MonoManager ReloadAssembly
Native extension for WindowsStandalone target not found
Native extension for WebGL target not found
Refreshing native plugins compatible for Editor in 0.46 ms, found 1 plugins.
Preloading 0 native plugins for Editor in 0.00 ms.
Invoked RoslynAnalysisRunner static constructor.
RoslynAnalysisRunner will not be running.
RoslynAnalysisRunner has terminated.
Mono: successfully reloaded assembly
- Completed reload, in  0.771 seconds
Platform modules already initialized, skipping
Refreshing native plugins compatible for Editor in 0.57 ms, found 1 plugins.
Preloading 0 native plugins for Editor in 0.00 ms.
Unloading 1858 Unused Serialized files (Serialized files now loaded: 0)
System memory in use before: 304.7 MB.
System memory in use after: 304.8 MB.

Unloading 15 unused Assets to reduce memory usage. Loaded Objects now: 2412.
Total: 1.698800 ms (FindLiveObjects: 0.192100 ms CreateObjectMapping: 0.044300 ms MarkObjects: 1.447000 ms  DeleteObjects: 0.014600 ms)

========================================================================
Received Import Request.
  Time since last request: 4.860630 seconds.
  path: Assets/Scripts/PlayerController.cs
  artifactKey: Guid(c8df5b0470f9ef94f88862528b83217c) Importer(815301076,1909f56bfc062723c751e8b465ee728b)
Start importing Assets/Scripts/PlayerController.cs using Guid(c8df5b0470f9ef94f88862528b83217c) Importer(815301076,1909f56bfc062723c751e8b465ee728b)  -> (artifact id: '2da31fc4a0f74c741288b3b6a5aa815a') in 0.009890 seconds
  Import took 0.013857 seconds .

========================================================================
Received Import Request.
  Time since last request: 8.100353 seconds.
  path: Assets/Scripts/CardDataBase.cs
  artifactKey: Guid(f3e45941dc1f3bb49853c25d1f8bfc79) Importer(815301076,1909f56bfc062723c751e8b465ee728b)
Start importing Assets/Scripts/CardDataBase.cs using Guid(f3e45941dc1f3bb49853c25d1f8bfc79) Importer(815301076,1909f56bfc062723c751e8b465ee728b)  -> (artifact id: '46bc6188508c8c884a3cb2ee31523601') in 0.009367 seconds
  Import took 0.015174 seconds .

========================================================================
Received Import Request.
  Time since last request: 0.001513 seconds.
  path: Assets/Scripts/CardDataBase.cs
  artifactKey: Guid(f3e45941dc1f3bb49853c25d1f8bfc79) Importer(815301076,1909f56bfc062723c751e8b465ee728b)
Start importing Assets/Scripts/CardDataBase.cs using Guid(f3e45941dc1f3bb49853c25d1f8bfc79) Importer(815301076,1909f56bfc062723c751e8b465ee728b)  -> (artifact id: '46bc6188508c8c884a3cb2ee31523601') in 0.010360 seconds
  Import took 0.013971 seconds .

========================================================================
Received Prepare
Registering precompiled user dll's ...
Registered in 0.002912 seconds.
Begin MonoManager ReloadAssembly
Native extension for WindowsStandalone target not found
Native extension for WebGL target not found
Refreshing native plugins compatible for Editor in 0.50 ms, found 1 plugins.
Preloading 0 native plugins for Editor in 0.00 ms.
Invoked RoslynAnalysisRunner static constructor.
RoslynAnalysisRunner will not be running.
RoslynAnalysisRunner has terminated.
Mono: successfully reloaded assembly
- Completed reload, in  0.777 seconds
Platform modules already initialized, skipping
Refreshing native plugins compatible for Editor in 0.54 ms, found 1 plugins.
Preloading 0 native plugins for Editor in 0.00 ms.
Unloading 1859 Unused Serialized files (Serialized files now loaded: 0)
System memory in use before: 304.9 MB.
System memory in use after: 305.0 MB.

Unloading 15 unused Assets to reduce memory usage. Loaded Objects now: 2416.
Total: 4.665000 ms (FindLiveObjects: 0.412100 ms CreateObjectMapping: 0.055900 ms MarkObjects: 4.160700 ms  DeleteObjects: 0.033600 ms)

========================================================================
Received Prepare
Registering precompiled user dll's ...
Registered in 0.121988 seconds.
Begin MonoManager ReloadAssembly
Native extension for WindowsStandalone target not found
Native extension for WebGL target not found
Refreshing native plugins compatible for Editor in 0.45 ms, found 1 plugins.
Preloading 0 native plugins for Editor in 0.00 ms.
Invoked RoslynAnalysisRunner static constructor.
RoslynAnalysisRunner will not be running.
RoslynAnalysisRunner has terminated.
Mono: successfully reloaded assembly
- Completed reload, in  0.677 seconds
Platform modules already initialized, skipping
Refreshing native plugins compatible for Editor in 0.43 ms, found 1 plugins.
Preloading 0 native plugins for Editor in 0.00 ms.
Unloading 1859 Unused Serialized files (Serialized files now loaded: 0)
System memory in use before: 304.9 MB.
System memory in use after: 305.0 MB.

Unloading 15 unused Assets to reduce memory usage. Loaded Objects now: 2419.
Total: 1.707800 ms (FindLiveObjects: 0.197300 ms CreateObjectMapping: 0.047600 ms MarkObjects: 1.446100 ms  DeleteObjects: 0.015900 ms)

========================================================================
Received Import Request.
  Time since last request: 565.958462 seconds.
  path: Assets/Scripts/CardDataBase.cs
  artifactKey: Guid(f3e45941dc1f3bb49853c25d1f8bfc79) Importer(815301076,1909f56bfc062723c751e8b465ee728b)
Start importing Assets/Scripts/CardDataBase.cs using Guid(f3e45941dc1f3bb49853c25d1f8bfc79) Importer(815301076,1909f56bfc062723c751e8b465ee728b)  -> (artifact id: '26d67f8087694c78793650108cdbb742') in 0.005327 seconds
  Import took 0.011170 seconds .

========================================================================
Received Import Request.
  Time since last request: 3.748115 seconds.
  path: Assets/Databases
  artifactKey: Guid(fe018cb5b2ed80a4f922e6ec1aaae0a0) Importer(815301076,1909f56bfc062723c751e8b465ee728b)
Start importing Assets/Databases using Guid(fe018cb5b2ed80a4f922e6ec1aaae0a0) Importer(815301076,1909f56bfc062723c751e8b465ee728b)  -> (artifact id: '682dcc82e5f072a14249e1d7b55e93ee') in 0.016616 seconds
  Import took 0.020799 seconds .

========================================================================
Received Import Request.
  Time since last request: 6.940483 seconds.
  path: Assets/Databases/CardDataBase.asset
  artifactKey: Guid(d7d0dfb426d6a98499354d65b2aa7365) Importer(815301076,1909f56bfc062723c751e8b465ee728b)
Start importing Assets/Databases/CardDataBase.asset using Guid(d7d0dfb426d6a98499354d65b2aa7365) Importer(815301076,1909f56bfc062723c751e8b465ee728b)  -> (artifact id: 'd26858acd89fe7c2f31633d0d0067741') in 0.021611 seconds
  Import took 0.026099 seconds .

========================================================================
Received Prepare
Registering precompiled user dll's ...
Registered in 0.002989 seconds.
Begin MonoManager ReloadAssembly
Native extension for WindowsStandalone target not found
Native extension for WebGL target not found
Refreshing native plugins compatible for Editor in 0.43 ms, found 1 plugins.
Preloading 0 native plugins for Editor in 0.00 ms.
Invoked RoslynAnalysisRunner static constructor.
RoslynAnalysisRunner will not be running.
RoslynAnalysisRunner has terminated.
Mono: successfully reloaded assembly
- Completed reload, in  0.712 seconds
Platform modules already initialized, skipping
Refreshing native plugins compatible for Editor in 0.50 ms, found 1 plugins.
Preloading 0 native plugins for Editor in 0.00 ms.
Unloading 1859 Unused Serialized files (Serialized files now loaded: 0)
System memory in use before: 304.9 MB.
System memory in use after: 305.0 MB.

Unloading 15 unused Assets to reduce memory usage. Loaded Objects now: 2422.
Total: 2.659700 ms (FindLiveObjects: 0.260800 ms CreateObjectMapping: 0.039700 ms MarkObjects: 2.334000 ms  DeleteObjects: 0.024000 ms)

========================================================================
Received Import Request.
  Time since last request: 36.968914 seconds.
  path: Assets/Scripts/CardDataBase.cs
  artifactKey: Guid(f3e45941dc1f3bb49853c25d1f8bfc79) Importer(815301076,1909f56bfc062723c751e8b465ee728b)
Start importing Assets/Scripts/CardDataBase.cs using Guid(f3e45941dc1f3bb49853c25d1f8bfc79) Importer(815301076,1909f56bfc062723c751e8b465ee728b)  -> (artifact id: 'd68d5a66f7a853fbc064682dcdec3c87') in 0.010117 seconds
  Import took 0.014441 seconds .

========================================================================
Received Import Request.
  Time since last request: 11.887097 seconds.
  path: Assets/Scripts/CardData.asset
  artifactKey: Guid(ea1aeb051d13079498d755cf391c8775) Importer(815301076,1909f56bfc062723c751e8b465ee728b)
Start importing Assets/Scripts/CardData.asset using Guid(ea1aeb051d13079498d755cf391c8775) Importer(815301076,1909f56bfc062723c751e8b465ee728b)  -> (artifact id: 'dcf97a699201fd75b5340730d9c2b92e') in 0.026259 seconds
  Import took 0.031714 seconds .

========================================================================
Received Import Request.
  Time since last request: 34.010028 seconds.
  path: Assets/Databases/CardData.asset
  artifactKey: Guid(ea1aeb051d13079498d755cf391c8775) Importer(815301076,1909f56bfc062723c751e8b465ee728b)
Start importing Assets/Databases/CardData.asset using Guid(ea1aeb051d13079498d755cf391c8775) Importer(815301076,1909f56bfc062723c751e8b465ee728b)  -> (artifact id: '3d5ee41356d1fce22d8f6127689ca977') in 0.082581 seconds
  Import took 0.087237 seconds .

========================================================================
Received Import Request.
  Time since last request: 2.488806 seconds.
  path: Assets/Prefabs/BowManCards/SingleArrow.prefab
  artifactKey: Guid(995d8c7b18720944d897e72f07710c7b) Importer(815301076,1909f56bfc062723c751e8b465ee728b)
Start importing Assets/Prefabs/BowManCards/SingleArrow.prefab using Guid(995d8c7b18720944d897e72f07710c7b) Importer(815301076,1909f56bfc062723c751e8b465ee728b)  -> (artifact id: '3b23a1616b52b64205d98052ae96dda3') in 0.027594 seconds
  Import took 0.032222 seconds .

========================================================================
Received Import Request.
  Time since last request: 19.054332 seconds.
  path: Assets/Prefabs/baseCards/TestCard.prefab
  artifactKey: Guid(b9b4c0607adb941489a4e5f37d2c28bf) Importer(815301076,1909f56bfc062723c751e8b465ee728b)
Start importing Assets/Prefabs/baseCards/TestCard.prefab using Guid(b9b4c0607adb941489a4e5f37d2c28bf) Importer(815301076,1909f56bfc062723c751e8b465ee728b)  -> (artifact id: '469b5768b94d70ab18fcaffc1aa3bafd') in 0.015230 seconds
  Import took 0.019447 seconds .

========================================================================
Received Prepare
Registering precompiled user dll's ...
Registered in 0.003045 seconds.
Begin MonoManager ReloadAssembly
Native extension for WindowsStandalone target not found
Native extension for WebGL target not found
Refreshing native plugins compatible for Editor in 0.43 ms, found 1 plugins.
Preloading 0 native plugins for Editor in 0.00 ms.
Invoked RoslynAnalysisRunner static constructor.
RoslynAnalysisRunner will not be running.
RoslynAnalysisRunner has terminated.
Mono: successfully reloaded assembly
- Completed reload, in  0.685 seconds
Platform modules already initialized, skipping
Refreshing native plugins compatible for Editor in 0.42 ms, found 1 plugins.
Preloading 0 native plugins for Editor in 0.00 ms.
Unloading 1859 Unused Serialized files (Serialized files now loaded: 0)
System memory in use before: 304.9 MB.
System memory in use after: 305.0 MB.

Unloading 15 unused Assets to reduce memory usage. Loaded Objects now: 2425.
Total: 1.962900 ms (FindLiveObjects: 0.198400 ms CreateObjectMapping: 0.046300 ms MarkObjects: 1.694400 ms  DeleteObjects: 0.022600 ms)

========================================================================
Received Prepare
Registering precompiled user dll's ...
Registered in 0.002937 seconds.
Begin MonoManager ReloadAssembly
Native extension for WindowsStandalone target not found
Native extension for WebGL target not found
Refreshing native plugins compatible for Editor in 0.42 ms, found 1 plugins.
Preloading 0 native plugins for Editor in 0.00 ms.
Invoked RoslynAnalysisRunner static constructor.
RoslynAnalysisRunner will not be running.
RoslynAnalysisRunner has terminated.
Mono: successfully reloaded assembly
- Completed reload, in  0.685 seconds
Platform modules already initialized, skipping
Refreshing native plugins compatible for Editor in 0.46 ms, found 1 plugins.
Preloading 0 native plugins for Editor in 0.00 ms.
Unloading 1859 Unused Serialized files (Serialized files now loaded: 0)
System memory in use before: 304.9 MB.
System memory in use after: 305.0 MB.

Unloading 15 unused Assets to reduce memory usage. Loaded Objects now: 2428.
Total: 1.786300 ms (FindLiveObjects: 0.232900 ms CreateObjectMapping: 0.043700 ms MarkObjects: 1.490500 ms  DeleteObjects: 0.018500 ms)

========================================================================
Received Import Request.
  Time since last request: 179.608986 seconds.
  path: Assets/Databases/BaseSetCardData.asset
  artifactKey: Guid(ea1aeb051d13079498d755cf391c8775) Importer(815301076,1909f56bfc062723c751e8b465ee728b)
Start importing Assets/Databases/BaseSetCardData.asset using Guid(ea1aeb051d13079498d755cf391c8775) Importer(815301076,1909f56bfc062723c751e8b465ee728b)  -> (artifact id: '2f9abafe2a68a09c9831ad04c24f7690') in 0.048667 seconds
  Import took 0.052894 seconds .

========================================================================
Received Prepare
Registering precompiled user dll's ...
Registered in 0.002988 seconds.
Begin MonoManager ReloadAssembly
Native extension for WindowsStandalone target not found
Native extension for WebGL target not found
Refreshing native plugins compatible for Editor in 0.43 ms, found 1 plugins.
Preloading 0 native plugins for Editor in 0.00 ms.
Invoked RoslynAnalysisRunner static constructor.
RoslynAnalysisRunner will not be running.
RoslynAnalysisRunner has terminated.
Mono: successfully reloaded assembly
- Completed reload, in  0.675 seconds
Platform modules already initialized, skipping
Refreshing native plugins compatible for Editor in 0.47 ms, found 1 plugins.
Preloading 0 native plugins for Editor in 0.00 ms.
Unloading 1859 Unused Serialized files (Serialized files now loaded: 0)
System memory in use before: 304.9 MB.
System memory in use after: 305.1 MB.

Unloading 15 unused Assets to reduce memory usage. Loaded Objects now: 2431.
Total: 1.996500 ms (FindLiveObjects: 0.205100 ms CreateObjectMapping: 0.043100 ms MarkObjects: 1.725500 ms  DeleteObjects: 0.021900 ms)

========================================================================
Received Import Request.
  Time since last request: 739.951258 seconds.
  path: Assets/Prefabs/BowManCards/SingleArrow.prefab
  artifactKey: Guid(995d8c7b18720944d897e72f07710c7b) Importer(815301076,1909f56bfc062723c751e8b465ee728b)
Start importing Assets/Prefabs/BowManCards/SingleArrow.prefab using Guid(995d8c7b18720944d897e72f07710c7b) Importer(815301076,1909f56bfc062723c751e8b465ee728b)  -> (artifact id: 'ad30d0fe9aebe1522aa8493188566cf2') in 0.058406 seconds
  Import took 0.063193 seconds .

========================================================================
Received Import Request.
  Time since last request: 0.000680 seconds.
  path: Assets/Prefabs/BowManCards/SingleArrow.prefab
  artifactKey: Guid(995d8c7b18720944d897e72f07710c7b) Importer(815301076,1909f56bfc062723c751e8b465ee728b)
Start importing Assets/Prefabs/BowManCards/SingleArrow.prefab using Guid(995d8c7b18720944d897e72f07710c7b) Importer(815301076,1909f56bfc062723c751e8b465ee728b)  -> (artifact id: 'ad30d0fe9aebe1522aa8493188566cf2') in 0.010415 seconds
  Import took 0.013039 seconds .

========================================================================
Received Prepare
Registering precompiled user dll's ...
Registered in 0.002908 seconds.
Begin MonoManager ReloadAssembly
Native extension for WindowsStandalone target not found
Native extension for WebGL target not found
Refreshing native plugins compatible for Editor in 0.43 ms, found 1 plugins.
Preloading 0 native plugins for Editor in 0.00 ms.
Invoked RoslynAnalysisRunner static constructor.
RoslynAnalysisRunner will not be running.
RoslynAnalysisRunner has terminated.
Mono: successfully reloaded assembly
- Completed reload, in  0.690 seconds
Platform modules already initialized, skipping
Refreshing native plugins compatible for Editor in 0.42 ms, found 1 plugins.
Preloading 0 native plugins for Editor in 0.00 ms.
Unloading 1859 Unused Serialized files (Serialized files now loaded: 0)
System memory in use before: 304.9 MB.
System memory in use after: 305.1 MB.

Unloading 15 unused Assets to reduce memory usage. Loaded Objects now: 2434.
Total: 1.881300 ms (FindLiveObjects: 0.229900 ms CreateObjectMapping: 0.044200 ms MarkObjects: 1.584600 ms  DeleteObjects: 0.021400 ms)

========================================================================
Received Prepare
Registering precompiled user dll's ...
Registered in 0.002962 seconds.
Begin MonoManager ReloadAssembly
Native extension for WindowsStandalone target not found
Native extension for WebGL target not found
Refreshing native plugins compatible for Editor in 0.44 ms, found 1 plugins.
Preloading 0 native plugins for Editor in 0.00 ms.
Invoked RoslynAnalysisRunner static constructor.
RoslynAnalysisRunner will not be running.
RoslynAnalysisRunner has terminated.
Mono: successfully reloaded assembly
- Completed reload, in  0.702 seconds
Platform modules already initialized, skipping
Refreshing native plugins compatible for Editor in 0.63 ms, found 1 plugins.
Preloading 0 native plugins for Editor in 0.00 ms.
Unloading 1859 Unused Serialized files (Serialized files now loaded: 0)
System memory in use before: 305.0 MB.
System memory in use after: 305.1 MB.

Unloading 15 unused Assets to reduce memory usage. Loaded Objects now: 2437.
Total: 1.812200 ms (FindLiveObjects: 0.206000 ms CreateObjectMapping: 0.041000 ms MarkObjects: 1.545000 ms  DeleteObjects: 0.019000 ms)

========================================================================
Received Import Request.
  Time since last request: 152.068130 seconds.
  path: Assets/Databases/BaseSetCardData.asset
  artifactKey: Guid(ea1aeb051d13079498d755cf391c8775) Importer(815301076,1909f56bfc062723c751e8b465ee728b)
Start importing Assets/Databases/BaseSetCardData.asset using Guid(ea1aeb051d13079498d755cf391c8775) Importer(815301076,1909f56bfc062723c751e8b465ee728b)  -> (artifact id: 'b3d9a05a9cd8f6540146787818764c59') in 0.045796 seconds
  Import took 0.132197 seconds .

========================================================================
Received Prepare
Registering precompiled user dll's ...
Registered in 0.002919 seconds.
Begin MonoManager ReloadAssembly
Native extension for WindowsStandalone target not found
Native extension for WebGL target not found
Refreshing native plugins compatible for Editor in 0.46 ms, found 1 plugins.
Preloading 0 native plugins for Editor in 0.00 ms.
Invoked RoslynAnalysisRunner static constructor.
RoslynAnalysisRunner will not be running.
RoslynAnalysisRunner has terminated.
Mono: successfully reloaded assembly
- Completed reload, in  0.675 seconds
Platform modules already initialized, skipping
Refreshing native plugins compatible for Editor in 0.43 ms, found 1 plugins.
Preloading 0 native plugins for Editor in 0.00 ms.
Unloading 1859 Unused Serialized files (Serialized files now loaded: 0)
System memory in use before: 305.0 MB.
System memory in use after: 305.1 MB.

Unloading 15 unused Assets to reduce memory usage. Loaded Objects now: 2440.
Total: 1.891800 ms (FindLiveObjects: 0.274400 ms CreateObjectMapping: 0.061400 ms MarkObjects: 1.537300 ms  DeleteObjects: 0.017700 ms)

========================================================================
Received Prepare
Registering precompiled user dll's ...
Registered in 0.003213 seconds.
Begin MonoManager ReloadAssembly
Native extension for WindowsStandalone target not found
Native extension for WebGL target not found
Refreshing native plugins compatible for Editor in 0.44 ms, found 1 plugins.
Preloading 0 native plugins for Editor in 0.00 ms.
Invoked RoslynAnalysisRunner static constructor.
RoslynAnalysisRunner will not be running.
RoslynAnalysisRunner has terminated.
Mono: successfully reloaded assembly
- Completed reload, in  0.662 seconds
Platform modules already initialized, skipping
Refreshing native plugins compatible for Editor in 0.43 ms, found 1 plugins.
Preloading 0 native plugins for Editor in 0.00 ms.
Unloading 1859 Unused Serialized files (Serialized files now loaded: 0)
System memory in use before: 305.0 MB.
System memory in use after: 305.1 MB.

Unloading 15 unused Assets to reduce memory usage. Loaded Objects now: 2443.
Total: 1.676900 ms (FindLiveObjects: 0.231500 ms CreateObjectMapping: 0.044200 ms MarkObjects: 1.386100 ms  DeleteObjects: 0.014300 ms)

========================================================================
Received Prepare
Registering precompiled user dll's ...
Registered in 0.002961 seconds.
Begin MonoManager ReloadAssembly
Native extension for WindowsStandalone target not found
Native extension for WebGL target not found
Refreshing native plugins compatible for Editor in 0.43 ms, found 1 plugins.
Preloading 0 native plugins for Editor in 0.00 ms.
Invoked RoslynAnalysisRunner static constructor.
RoslynAnalysisRunner will not be running.
RoslynAnalysisRunner has terminated.
Mono: successfully reloaded assembly
- Completed reload, in  0.680 seconds
Platform modules already initialized, skipping
Refreshing native plugins compatible for Editor in 0.43 ms, found 1 plugins.
Preloading 0 native plugins for Editor in 0.00 ms.
Unloading 1860 Unused Serialized files (Serialized files now loaded: 0)
System memory in use before: 305.0 MB.
System memory in use after: 305.1 MB.

Unloading 15 unused Assets to reduce memory usage. Loaded Objects now: 2447.
Total: 1.727600 ms (FindLiveObjects: 0.207100 ms CreateObjectMapping: 0.050200 ms MarkObjects: 1.453000 ms  DeleteObjects: 0.016200 ms)

========================================================================
Received Prepare
Registering precompiled user dll's ...
Registered in 0.003640 seconds.
Begin MonoManager ReloadAssembly
Native extension for WindowsStandalone target not found
Native extension for WebGL target not found
Refreshing native plugins compatible for Editor in 0.43 ms, found 1 plugins.
Preloading 0 native plugins for Editor in 0.00 ms.
Invoked RoslynAnalysisRunner static constructor.
RoslynAnalysisRunner will not be running.
RoslynAnalysisRunner has terminated.
Mono: successfully reloaded assembly
- Completed reload, in  0.680 seconds
Platform modules already initialized, skipping
Refreshing native plugins compatible for Editor in 0.44 ms, found 1 plugins.
Preloading 0 native plugins for Editor in 0.00 ms.
Unloading 1860 Unused Serialized files (Serialized files now loaded: 0)
System memory in use before: 305.0 MB.
System memory in use after: 305.1 MB.

Unloading 15 unused Assets to reduce memory usage. Loaded Objects now: 2450.
Total: 1.738600 ms (FindLiveObjects: 0.241000 ms CreateObjectMapping: 0.044300 ms MarkObjects: 1.436800 ms  DeleteObjects: 0.015600 ms)

========================================================================
Received Prepare
Registering precompiled user dll's ...
Registered in 0.003075 seconds.
Begin MonoManager ReloadAssembly
Native extension for WindowsStandalone target not found
Native extension for WebGL target not found
Refreshing native plugins compatible for Editor in 0.45 ms, found 1 plugins.
Preloading 0 native plugins for Editor in 0.00 ms.
Invoked RoslynAnalysisRunner static constructor.
RoslynAnalysisRunner will not be running.
RoslynAnalysisRunner has terminated.
Mono: successfully reloaded assembly
- Completed reload, in  0.697 seconds
Platform modules already initialized, skipping
Refreshing native plugins compatible for Editor in 0.47 ms, found 1 plugins.
Preloading 0 native plugins for Editor in 0.00 ms.
Unloading 1860 Unused Serialized files (Serialized files now loaded: 0)
System memory in use before: 305.0 MB.
System memory in use after: 305.1 MB.

Unloading 15 unused Assets to reduce memory usage. Loaded Objects now: 2453.
Total: 1.837000 ms (FindLiveObjects: 0.183600 ms CreateObjectMapping: 0.045100 ms MarkObjects: 1.592400 ms  DeleteObjects: 0.014900 ms)

========================================================================
Received Prepare
Registering precompiled user dll's ...
Registered in 0.002922 seconds.
Begin MonoManager ReloadAssembly
Native extension for WindowsStandalone target not found
Native extension for WebGL target not found
Refreshing native plugins compatible for Editor in 0.47 ms, found 1 plugins.
Preloading 0 native plugins for Editor in 0.00 ms.
Invoked RoslynAnalysisRunner static constructor.
RoslynAnalysisRunner will not be running.
RoslynAnalysisRunner has terminated.
Mono: successfully reloaded assembly
- Completed reload, in  0.675 seconds
Platform modules already initialized, skipping
Refreshing native plugins compatible for Editor in 0.43 ms, found 1 plugins.
Preloading 0 native plugins for Editor in 0.00 ms.
Unloading 1860 Unused Serialized files (Serialized files now loaded: 0)
System memory in use before: 305.0 MB.
System memory in use after: 305.1 MB.

Unloading 15 unused Assets to reduce memory usage. Loaded Objects now: 2456.
Total: 1.681200 ms (FindLiveObjects: 0.215000 ms CreateObjectMapping: 0.042300 ms MarkObjects: 1.407500 ms  DeleteObjects: 0.015700 ms)

========================================================================
Received Prepare
Registering precompiled user dll's ...
Registered in 0.003067 seconds.
Begin MonoManager ReloadAssembly
Native extension for WindowsStandalone target not found
Native extension for WebGL target not found
Refreshing native plugins compatible for Editor in 0.43 ms, found 1 plugins.
Preloading 0 native plugins for Editor in 0.00 ms.
Invoked RoslynAnalysisRunner static constructor.
RoslynAnalysisRunner will not be running.
RoslynAnalysisRunner has terminated.
Mono: successfully reloaded assembly
- Completed reload, in  0.677 seconds
Platform modules already initialized, skipping
Refreshing native plugins compatible for Editor in 0.43 ms, found 1 plugins.
Preloading 0 native plugins for Editor in 0.00 ms.
Unloading 1860 Unused Serialized files (Serialized files now loaded: 0)
System memory in use before: 305.0 MB.
System memory in use after: 305.1 MB.

Unloading 15 unused Assets to reduce memory usage. Loaded Objects now: 2459.
Total: 1.652800 ms (FindLiveObjects: 0.187700 ms CreateObjectMapping: 0.049700 ms MarkObjects: 1.399700 ms  DeleteObjects: 0.014700 ms)

========================================================================
Received Prepare
Registering precompiled user dll's ...
Registered in 0.002949 seconds.
Begin MonoManager ReloadAssembly
Native extension for WindowsStandalone target not found
Native extension for WebGL target not found
Refreshing native plugins compatible for Editor in 0.43 ms, found 1 plugins.
Preloading 0 native plugins for Editor in 0.00 ms.
Invoked RoslynAnalysisRunner static constructor.
RoslynAnalysisRunner will not be running.
RoslynAnalysisRunner has terminated.
Mono: successfully reloaded assembly
- Completed reload, in  0.655 seconds
Platform modules already initialized, skipping
Refreshing native plugins compatible for Editor in 0.44 ms, found 1 plugins.
Preloading 0 native plugins for Editor in 0.00 ms.
Unloading 1860 Unused Serialized files (Serialized files now loaded: 0)
System memory in use before: 305.0 MB.
System memory in use after: 305.1 MB.

Unloading 15 unused Assets to reduce memory usage. Loaded Objects now: 2462.
Total: 2.028600 ms (FindLiveObjects: 0.276600 ms CreateObjectMapping: 0.063900 ms MarkObjects: 1.667500 ms  DeleteObjects: 0.019700 ms)

========================================================================
Received Import Request.
  Time since last request: 1051.014764 seconds.
  path: Assets/Prefabs/DeckBuilderCardSlot.prefab
  artifactKey: Guid(6c600b61d2a0ef046b0e5ac138fb2048) Importer(815301076,1909f56bfc062723c751e8b465ee728b)
Start importing Assets/Prefabs/DeckBuilderCardSlot.prefab using Guid(6c600b61d2a0ef046b0e5ac138fb2048) Importer(815301076,1909f56bfc062723c751e8b465ee728b)  -> (artifact id: '9680d645d079d1bbe73dcf410c2b6937') in 0.029589 seconds
  Import took 0.034306 seconds .

========================================================================
Received Import Request.
  Time since last request: 112.837076 seconds.
  path: Assets/Prefabs/DeckBuilderCardSlot.prefab
  artifactKey: Guid(6c600b61d2a0ef046b0e5ac138fb2048) Importer(815301076,1909f56bfc062723c751e8b465ee728b)
Start importing Assets/Prefabs/DeckBuilderCardSlot.prefab using Guid(6c600b61d2a0ef046b0e5ac138fb2048) Importer(815301076,1909f56bfc062723c751e8b465ee728b)  -> (artifact id: '2f7e430028e85e0917351fa47ed55442') in 0.032305 seconds
  Import took 0.035587 seconds .

========================================================================
Received Import Request.
  Time since last request: 10.597544 seconds.
  path: Assets/Prefabs/DeckBuilderCardSlot.prefab
  artifactKey: Guid(6c600b61d2a0ef046b0e5ac138fb2048) Importer(815301076,1909f56bfc062723c751e8b465ee728b)
Start importing Assets/Prefabs/DeckBuilderCardSlot.prefab using Guid(6c600b61d2a0ef046b0e5ac138fb2048) Importer(815301076,1909f56bfc062723c751e8b465ee728b)  -> (artifact id: '34958364f999d422db6c9b66fd8e806f') in 0.008716 seconds
  Import took 0.012967 seconds .

========================================================================
Received Import Request.
  Time since last request: 6.826788 seconds.
  path: Assets/Prefabs/DeckBuilderCardSlot.prefab
  artifactKey: Guid(6c600b61d2a0ef046b0e5ac138fb2048) Importer(815301076,1909f56bfc062723c751e8b465ee728b)
Start importing Assets/Prefabs/DeckBuilderCardSlot.prefab using Guid(6c600b61d2a0ef046b0e5ac138fb2048) Importer(815301076,1909f56bfc062723c751e8b465ee728b)  -> (artifact id: '28375cff2d020186e04b8bcbc2d96e07') in 0.023278 seconds
  Import took 0.035469 seconds .

========================================================================
Received Prepare
Registering precompiled user dll's ...
Registered in 0.002912 seconds.
Begin MonoManager ReloadAssembly
Native extension for WindowsStandalone target not found
Native extension for WebGL target not found
Refreshing native plugins compatible for Editor in 0.46 ms, found 1 plugins.
Preloading 0 native plugins for Editor in 0.00 ms.
Invoked RoslynAnalysisRunner static constructor.
RoslynAnalysisRunner will not be running.
RoslynAnalysisRunner has terminated.
Mono: successfully reloaded assembly
- Completed reload, in  0.675 seconds
Platform modules already initialized, skipping
Refreshing native plugins compatible for Editor in 0.44 ms, found 1 plugins.
Preloading 0 native plugins for Editor in 0.00 ms.
Unloading 1860 Unused Serialized files (Serialized files now loaded: 0)
System memory in use before: 305.0 MB.
System memory in use after: 305.2 MB.

Unloading 15 unused Assets to reduce memory usage. Loaded Objects now: 2465.
Total: 1.836400 ms (FindLiveObjects: 0.182400 ms CreateObjectMapping: 0.041200 ms MarkObjects: 1.586600 ms  DeleteObjects: 0.025200 ms)

========================================================================
Received Prepare
Registering precompiled user dll's ...
Registered in 0.002937 seconds.
Begin MonoManager ReloadAssembly
Native extension for WindowsStandalone target not found
Native extension for WebGL target not found
Refreshing native plugins compatible for Editor in 0.44 ms, found 1 plugins.
Preloading 0 native plugins for Editor in 0.00 ms.
Invoked RoslynAnalysisRunner static constructor.
RoslynAnalysisRunner will not be running.
RoslynAnalysisRunner has terminated.
Mono: successfully reloaded assembly
- Completed reload, in  0.664 seconds
Platform modules already initialized, skipping
Refreshing native plugins compatible for Editor in 0.44 ms, found 1 plugins.
Preloading 0 native plugins for Editor in 0.00 ms.
Unloading 1860 Unused Serialized files (Serialized files now loaded: 0)
System memory in use before: 305.1 MB.
System memory in use after: 305.2 MB.

Unloading 15 unused Assets to reduce memory usage. Loaded Objects now: 2468.
Total: 1.732600 ms (FindLiveObjects: 0.235300 ms CreateObjectMapping: 0.126600 ms MarkObjects: 1.350400 ms  DeleteObjects: 0.019300 ms)

========================================================================
Received Prepare
Registering precompiled user dll's ...
Registered in 0.003316 seconds.
Begin MonoManager ReloadAssembly
Native extension for WindowsStandalone target not found
Native extension for WebGL target not found
Refreshing native plugins compatible for Editor in 0.45 ms, found 1 plugins.
Preloading 0 native plugins for Editor in 0.00 ms.
Invoked RoslynAnalysisRunner static constructor.
RoslynAnalysisRunner will not be running.
RoslynAnalysisRunner has terminated.
Mono: successfully reloaded assembly
- Completed reload, in  0.709 seconds
Platform modules already initialized, skipping
Refreshing native plugins compatible for Editor in 0.45 ms, found 1 plugins.
Preloading 0 native plugins for Editor in 0.00 ms.
Unloading 1860 Unused Serialized files (Serialized files now loaded: 0)
System memory in use before: 305.1 MB.
System memory in use after: 305.2 MB.

Unloading 15 unused Assets to reduce memory usage. Loaded Objects now: 2471.
Total: 1.696800 ms (FindLiveObjects: 0.205800 ms CreateObjectMapping: 0.051700 ms MarkObjects: 1.421900 ms  DeleteObjects: 0.016100 ms)

========================================================================
Received Prepare
Registering precompiled user dll's ...
Registered in 0.003011 seconds.
Begin MonoManager ReloadAssembly
Native extension for WindowsStandalone target not found
Native extension for WebGL target not found
Refreshing native plugins compatible for Editor in 0.46 ms, found 1 plugins.
Preloading 0 native plugins for Editor in 0.00 ms.
Invoked RoslynAnalysisRunner static constructor.
RoslynAnalysisRunner will not be running.
RoslynAnalysisRunner has terminated.
Mono: successfully reloaded assembly
- Completed reload, in  0.686 seconds
Platform modules already initialized, skipping
Refreshing native plugins compatible for Editor in 0.44 ms, found 1 plugins.
Preloading 0 native plugins for Editor in 0.00 ms.
Unloading 1860 Unused Serialized files (Serialized files now loaded: 0)
System memory in use before: 305.1 MB.
System memory in use after: 305.2 MB.

Unloading 15 unused Assets to reduce memory usage. Loaded Objects now: 2474.
Total: 1.675400 ms (FindLiveObjects: 0.211100 ms CreateObjectMapping: 0.044500 ms MarkObjects: 1.404700 ms  DeleteObjects: 0.014100 ms)

========================================================================
Received Prepare
Registering precompiled user dll's ...
Registered in 0.002914 seconds.
Begin MonoManager ReloadAssembly
Native extension for WindowsStandalone target not found
Native extension for WebGL target not found
Refreshing native plugins compatible for Editor in 0.52 ms, found 1 plugins.
Preloading 0 native plugins for Editor in 0.00 ms.
Invoked RoslynAnalysisRunner static constructor.
RoslynAnalysisRunner will not be running.
RoslynAnalysisRunner has terminated.
Mono: successfully reloaded assembly
- Completed reload, in  0.655 seconds
Platform modules already initialized, skipping
Refreshing native plugins compatible for Editor in 0.43 ms, found 1 plugins.
Preloading 0 native plugins for Editor in 0.00 ms.
Unloading 1860 Unused Serialized files (Serialized files now loaded: 0)
System memory in use before: 305.1 MB.
System memory in use after: 305.2 MB.

Unloading 15 unused Assets to reduce memory usage. Loaded Objects now: 2477.
Total: 1.815200 ms (FindLiveObjects: 0.196900 ms CreateObjectMapping: 0.046400 ms MarkObjects: 1.552600 ms  DeleteObjects: 0.018500 ms)

========================================================================
Received Prepare
Registering precompiled user dll's ...
Registered in 0.003062 seconds.
Begin MonoManager ReloadAssembly
Native extension for WindowsStandalone target not found
Native extension for WebGL target not found
Refreshing native plugins compatible for Editor in 0.47 ms, found 1 plugins.
Preloading 0 native plugins for Editor in 0.00 ms.
Invoked RoslynAnalysisRunner static constructor.
RoslynAnalysisRunner will not be running.
RoslynAnalysisRunner has terminated.
Mono: successfully reloaded assembly
- Completed reload, in  0.715 seconds
Platform modules already initialized, skipping
Refreshing native plugins compatible for Editor in 0.51 ms, found 1 plugins.
Preloading 0 native plugins for Editor in 0.00 ms.
Unloading 1860 Unused Serialized files (Serialized files now loaded: 0)
System memory in use before: 305.1 MB.
System memory in use after: 305.2 MB.

Unloading 15 unused Assets to reduce memory usage. Loaded Objects now: 2480.
Total: 1.967500 ms (FindLiveObjects: 0.310000 ms CreateObjectMapping: 0.064200 ms MarkObjects: 1.575300 ms  DeleteObjects: 0.016500 ms)

========================================================================
Received Prepare
Registering precompiled user dll's ...
Registered in 0.003071 seconds.
Begin MonoManager ReloadAssembly
Native extension for WindowsStandalone target not found
Native extension for WebGL target not found
Refreshing native plugins compatible for Editor in 0.42 ms, found 1 plugins.
Preloading 0 native plugins for Editor in 0.00 ms.
Invoked RoslynAnalysisRunner static constructor.
RoslynAnalysisRunner will not be running.
RoslynAnalysisRunner has terminated.
Mono: successfully reloaded assembly
- Completed reload, in  0.696 seconds
Platform modules already initialized, skipping
Refreshing native plugins compatible for Editor in 0.44 ms, found 1 plugins.
Preloading 0 native plugins for Editor in 0.00 ms.
Unloading 1860 Unused Serialized files (Serialized files now loaded: 0)
System memory in use before: 305.1 MB.
System memory in use after: 305.2 MB.

Unloading 15 unused Assets to reduce memory usage. Loaded Objects now: 2483.
Total: 1.664500 ms (FindLiveObjects: 0.191100 ms CreateObjectMapping: 0.048600 ms MarkObjects: 1.407800 ms  DeleteObjects: 0.016200 ms)

========================================================================
Received Prepare
Registering precompiled user dll's ...
Registered in 0.003087 seconds.
Begin MonoManager ReloadAssembly
Native extension for WindowsStandalone target not found
Native extension for WebGL target not found
Refreshing native plugins compatible for Editor in 0.43 ms, found 1 plugins.
Preloading 0 native plugins for Editor in 0.00 ms.
Invoked RoslynAnalysisRunner static constructor.
RoslynAnalysisRunner will not be running.
RoslynAnalysisRunner has terminated.
Mono: successfully reloaded assembly
- Completed reload, in  0.674 seconds
Platform modules already initialized, skipping
Refreshing native plugins compatible for Editor in 0.47 ms, found 1 plugins.
Preloading 0 native plugins for Editor in 0.00 ms.
Unloading 1860 Unused Serialized files (Serialized files now loaded: 0)
System memory in use before: 305.1 MB.
System memory in use after: 305.2 MB.

Unloading 15 unused Assets to reduce memory usage. Loaded Objects now: 2486.
Total: 1.676500 ms (FindLiveObjects: 0.189000 ms CreateObjectMapping: 0.049100 ms MarkObjects: 1.421700 ms  DeleteObjects: 0.015200 ms)

========================================================================
Received Prepare
Registering precompiled user dll's ...
Registered in 0.002889 seconds.
Begin MonoManager ReloadAssembly
Native extension for WindowsStandalone target not found
Native extension for WebGL target not found
Refreshing native plugins compatible for Editor in 0.44 ms, found 1 plugins.
Preloading 0 native plugins for Editor in 0.00 ms.
Invoked RoslynAnalysisRunner static constructor.
RoslynAnalysisRunner will not be running.
RoslynAnalysisRunner has terminated.
Mono: successfully reloaded assembly
- Completed reload, in  0.685 seconds
Platform modules already initialized, skipping
Refreshing native plugins compatible for Editor in 0.44 ms, found 1 plugins.
Preloading 0 native plugins for Editor in 0.00 ms.
Unloading 1860 Unused Serialized files (Serialized files now loaded: 0)
System memory in use before: 305.1 MB.
System memory in use after: 305.2 MB.

Unloading 15 unused Assets to reduce memory usage. Loaded Objects now: 2489.
Total: 2.037800 ms (FindLiveObjects: 0.296100 ms CreateObjectMapping: 0.048000 ms MarkObjects: 1.671300 ms  DeleteObjects: 0.020700 ms)

========================================================================
Received Import Request.
  Time since last request: 431.386573 seconds.
  path: Assets/Prefabs/DeckBuilderCardSlot.prefab
  artifactKey: Guid(6c600b61d2a0ef046b0e5ac138fb2048) Importer(815301076,1909f56bfc062723c751e8b465ee728b)
Start importing Assets/Prefabs/DeckBuilderCardSlot.prefab using Guid(6c600b61d2a0ef046b0e5ac138fb2048) Importer(815301076,1909f56bfc062723c751e8b465ee728b)  -> (artifact id: '57eb4997863996c91b7d1f8a9e9aeea9') in 0.052832 seconds
  Import took 0.056759 seconds .

========================================================================
Received Import Request.
  Time since last request: 0.000235 seconds.
  path: Assets/Prefabs/baseCards/TestCard.prefab
  artifactKey: Guid(b9b4c0607adb941489a4e5f37d2c28bf) Importer(815301076,1909f56bfc062723c751e8b465ee728b)
Start importing Assets/Prefabs/baseCards/TestCard.prefab using Guid(b9b4c0607adb941489a4e5f37d2c28bf) Importer(815301076,1909f56bfc062723c751e8b465ee728b)  -> (artifact id: 'fb28c26d99fa6ab62ac923982eb5e63d') in 0.015829 seconds
  Import took 0.018947 seconds .

========================================================================
Received Import Request.
  Time since last request: 1.384333 seconds.
  path: Assets/Scripts/Card.cs
  artifactKey: Guid(562074962e294c44a9215d24fb48a99f) Importer(815301076,1909f56bfc062723c751e8b465ee728b)
Start importing Assets/Scripts/Card.cs using Guid(562074962e294c44a9215d24fb48a99f) Importer(815301076,1909f56bfc062723c751e8b465ee728b)  -> (artifact id: '23b03383956489f62239ff61c98a6a82') in 0.007210 seconds
  Import took 0.011608 seconds .

========================================================================
Received Prepare
Registering precompiled user dll's ...
Registered in 0.003093 seconds.
Begin MonoManager ReloadAssembly
Native extension for WindowsStandalone target not found
Native extension for WebGL target not found
Refreshing native plugins compatible for Editor in 0.43 ms, found 1 plugins.
Preloading 0 native plugins for Editor in 0.00 ms.
Invoked RoslynAnalysisRunner static constructor.
RoslynAnalysisRunner will not be running.
RoslynAnalysisRunner has terminated.
Mono: successfully reloaded assembly
- Completed reload, in  0.680 seconds
Platform modules already initialized, skipping
Refreshing native plugins compatible for Editor in 0.44 ms, found 1 plugins.
Preloading 0 native plugins for Editor in 0.00 ms.
Unloading 1860 Unused Serialized files (Serialized files now loaded: 0)
System memory in use before: 305.1 MB.
System memory in use after: 305.2 MB.

Unloading 15 unused Assets to reduce memory usage. Loaded Objects now: 2492.
Total: 1.956300 ms (FindLiveObjects: 0.186600 ms CreateObjectMapping: 0.048500 ms MarkObjects: 1.686200 ms  DeleteObjects: 0.034100 ms)

========================================================================
Received Prepare
Registering precompiled user dll's ...
Registered in 0.003125 seconds.
Begin MonoManager ReloadAssembly
Native extension for WindowsStandalone target not found
Native extension for WebGL target not found
Refreshing native plugins compatible for Editor in 0.45 ms, found 1 plugins.
Preloading 0 native plugins for Editor in 0.00 ms.
Invoked RoslynAnalysisRunner static constructor.
RoslynAnalysisRunner will not be running.
RoslynAnalysisRunner has terminated.
Mono: successfully reloaded assembly
- Completed reload, in  0.685 seconds
Platform modules already initialized, skipping
Refreshing native plugins compatible for Editor in 0.45 ms, found 1 plugins.
Preloading 0 native plugins for Editor in 0.00 ms.
Unloading 1860 Unused Serialized files (Serialized files now loaded: 0)
System memory in use before: 305.1 MB.
System memory in use after: 305.2 MB.

Unloading 15 unused Assets to reduce memory usage. Loaded Objects now: 2495.
Total: 1.832000 ms (FindLiveObjects: 0.293700 ms CreateObjectMapping: 0.125400 ms MarkObjects: 1.390400 ms  DeleteObjects: 0.020600 ms)

========================================================================
Received Import Request.
  Time since last request: 354.271830 seconds.
  path: Assets/Prefabs/baseCards/TestCard.prefab
  artifactKey: Guid(b9b4c0607adb941489a4e5f37d2c28bf) Importer(815301076,1909f56bfc062723c751e8b465ee728b)
Start importing Assets/Prefabs/baseCards/TestCard.prefab using Guid(b9b4c0607adb941489a4e5f37d2c28bf) Importer(815301076,1909f56bfc062723c751e8b465ee728b)  -> (artifact id: '104f1e020aefdf54d6c62d6bf9e84271') in 0.052354 seconds
  Import took 0.056706 seconds .

========================================================================
Received Import Request.
  Time since last request: 6.032398 seconds.
  path: Assets/Prefabs/BowManCards/SingleArrow.prefab
  artifactKey: Guid(995d8c7b18720944d897e72f07710c7b) Importer(815301076,1909f56bfc062723c751e8b465ee728b)
Start importing Assets/Prefabs/BowManCards/SingleArrow.prefab using Guid(995d8c7b18720944d897e72f07710c7b) Importer(815301076,1909f56bfc062723c751e8b465ee728b)  -> (artifact id: '3ac2ef7f9acb3e64e08ed456da9182b8') in 0.016590 seconds
  Import took 0.019733 seconds .

========================================================================
Received Prepare
Registering precompiled user dll's ...
Registered in 0.003642 seconds.
Begin MonoManager ReloadAssembly
Native extension for WindowsStandalone target not found
Native extension for WebGL target not found
Refreshing native plugins compatible for Editor in 0.43 ms, found 1 plugins.
Preloading 0 native plugins for Editor in 0.00 ms.
Invoked RoslynAnalysisRunner static constructor.
RoslynAnalysisRunner will not be running.
RoslynAnalysisRunner has terminated.
Mono: successfully reloaded assembly
- Completed reload, in  0.677 seconds
Platform modules already initialized, skipping
Refreshing native plugins compatible for Editor in 0.44 ms, found 1 plugins.
Preloading 0 native plugins for Editor in 0.00 ms.
Unloading 1860 Unused Serialized files (Serialized files now loaded: 0)
System memory in use before: 305.1 MB.
System memory in use after: 305.2 MB.

Unloading 15 unused Assets to reduce memory usage. Loaded Objects now: 2498.
Total: 1.706900 ms (FindLiveObjects: 0.207800 ms CreateObjectMapping: 0.044100 ms MarkObjects: 1.438500 ms  DeleteObjects: 0.015800 ms)

========================================================================
Received Prepare
Registering precompiled user dll's ...
Registered in 0.002880 seconds.
Begin MonoManager ReloadAssembly
Native extension for WindowsStandalone target not found
Native extension for WebGL target not found
Refreshing native plugins compatible for Editor in 0.44 ms, found 1 plugins.
Preloading 0 native plugins for Editor in 0.00 ms.
Invoked RoslynAnalysisRunner static constructor.
RoslynAnalysisRunner will not be running.
RoslynAnalysisRunner has terminated.
Mono: successfully reloaded assembly
- Completed reload, in  0.669 seconds
Platform modules already initialized, skipping
Refreshing native plugins compatible for Editor in 0.45 ms, found 1 plugins.
Preloading 0 native plugins for Editor in 0.00 ms.
Unloading 1860 Unused Serialized files (Serialized files now loaded: 0)
System memory in use before: 305.1 MB.
System memory in use after: 305.2 MB.

Unloading 15 unused Assets to reduce memory usage. Loaded Objects now: 2501.
Total: 2.098800 ms (FindLiveObjects: 0.235300 ms CreateObjectMapping: 0.043800 ms MarkObjects: 1.795100 ms  DeleteObjects: 0.023200 ms)

========================================================================
Received Prepare
Registering precompiled user dll's ...
Registered in 0.002939 seconds.
Begin MonoManager ReloadAssembly
Native extension for WindowsStandalone target not found
Native extension for WebGL target not found
Refreshing native plugins compatible for Editor in 0.46 ms, found 1 plugins.
Preloading 0 native plugins for Editor in 0.00 ms.
Invoked RoslynAnalysisRunner static constructor.
RoslynAnalysisRunner will not be running.
RoslynAnalysisRunner has terminated.
Mono: successfully reloaded assembly
- Completed reload, in  0.686 seconds
Platform modules already initialized, skipping
Refreshing native plugins compatible for Editor in 0.47 ms, found 1 plugins.
Preloading 0 native plugins for Editor in 0.00 ms.
Unloading 1860 Unused Serialized files (Serialized files now loaded: 0)
System memory in use before: 305.1 MB.
System memory in use after: 305.3 MB.

Unloading 15 unused Assets to reduce memory usage. Loaded Objects now: 2504.
Total: 1.731100 ms (FindLiveObjects: 0.231500 ms CreateObjectMapping: 0.043300 ms MarkObjects: 1.438300 ms  DeleteObjects: 0.016500 ms)

========================================================================
Received Prepare
Registering precompiled user dll's ...
Registered in 0.002928 seconds.
Begin MonoManager ReloadAssembly
Native extension for WindowsStandalone target not found
Native extension for WebGL target not found
Refreshing native plugins compatible for Editor in 0.43 ms, found 1 plugins.
Preloading 0 native plugins for Editor in 0.00 ms.
Invoked RoslynAnalysisRunner static constructor.
RoslynAnalysisRunner will not be running.
RoslynAnalysisRunner has terminated.
Mono: successfully reloaded assembly
- Completed reload, in  0.673 seconds
Platform modules already initialized, skipping
Refreshing native plugins compatible for Editor in 0.47 ms, found 1 plugins.
Preloading 0 native plugins for Editor in 0.00 ms.
Unloading 1860 Unused Serialized files (Serialized files now loaded: 0)
System memory in use before: 305.1 MB.
System memory in use after: 305.3 MB.

Unloading 15 unused Assets to reduce memory usage. Loaded Objects now: 2507.
Total: 1.814900 ms (FindLiveObjects: 0.230400 ms CreateObjectMapping: 0.054900 ms MarkObjects: 1.512000 ms  DeleteObjects: 0.016600 ms)

========================================================================
Received Prepare
Registering precompiled user dll's ...
Registered in 0.002902 seconds.
Begin MonoManager ReloadAssembly
Native extension for WindowsStandalone target not found
Native extension for WebGL target not found
Refreshing native plugins compatible for Editor in 0.43 ms, found 1 plugins.
Preloading 0 native plugins for Editor in 0.00 ms.
Invoked RoslynAnalysisRunner static constructor.
RoslynAnalysisRunner will not be running.
RoslynAnalysisRunner has terminated.
Mono: successfully reloaded assembly
- Completed reload, in  0.702 seconds
Platform modules already initialized, skipping
Refreshing native plugins compatible for Editor in 0.46 ms, found 1 plugins.
Preloading 0 native plugins for Editor in 0.00 ms.
Unloading 1860 Unused Serialized files (Serialized files now loaded: 0)
System memory in use before: 305.2 MB.
System memory in use after: 305.3 MB.

Unloading 15 unused Assets to reduce memory usage. Loaded Objects now: 2510.
Total: 1.813500 ms (FindLiveObjects: 0.231000 ms CreateObjectMapping: 0.042900 ms MarkObjects: 1.518500 ms  DeleteObjects: 0.020300 ms)

========================================================================
Received Prepare
Registering precompiled user dll's ...
Registered in 0.003383 seconds.
Begin MonoManager ReloadAssembly
Native extension for WindowsStandalone target not found
Native extension for WebGL target not found
Refreshing native plugins compatible for Editor in 0.44 ms, found 1 plugins.
Preloading 0 native plugins for Editor in 0.00 ms.
Invoked RoslynAnalysisRunner static constructor.
RoslynAnalysisRunner will not be running.
RoslynAnalysisRunner has terminated.
Mono: successfully reloaded assembly
- Completed reload, in  0.675 seconds
Platform modules already initialized, skipping
Refreshing native plugins compatible for Editor in 0.45 ms, found 1 plugins.
Preloading 0 native plugins for Editor in 0.00 ms.
Unloading 1860 Unused Serialized files (Serialized files now loaded: 0)
System memory in use before: 305.2 MB.
System memory in use after: 305.3 MB.

Unloading 15 unused Assets to reduce memory usage. Loaded Objects now: 2513.
Total: 2.891100 ms (FindLiveObjects: 0.416800 ms CreateObjectMapping: 0.074000 ms MarkObjects: 2.371600 ms  DeleteObjects: 0.027100 ms)

========================================================================
Received Prepare
Registering precompiled user dll's ...
Registered in 0.003079 seconds.
Begin MonoManager ReloadAssembly
Native extension for WindowsStandalone target not found
Native extension for WebGL target not found
Refreshing native plugins compatible for Editor in 0.51 ms, found 1 plugins.
Preloading 0 native plugins for Editor in 0.00 ms.
Invoked RoslynAnalysisRunner static constructor.
RoslynAnalysisRunner will not be running.
RoslynAnalysisRunner has terminated.
Mono: successfully reloaded assembly
- Completed reload, in  0.696 seconds
Platform modules already initialized, skipping
Refreshing native plugins compatible for Editor in 0.44 ms, found 1 plugins.
Preloading 0 native plugins for Editor in 0.00 ms.
Unloading 1860 Unused Serialized files (Serialized files now loaded: 0)
System memory in use before: 305.2 MB.
System memory in use after: 305.3 MB.

Unloading 15 unused Assets to reduce memory usage. Loaded Objects now: 2516.
Total: 1.607500 ms (FindLiveObjects: 0.182900 ms CreateObjectMapping: 0.043300 ms MarkObjects: 1.364000 ms  DeleteObjects: 0.016400 ms)

========================================================================
Received Prepare
Registering precompiled user dll's ...
Registered in 0.003314 seconds.
Begin MonoManager ReloadAssembly
Native extension for WindowsStandalone target not found
Native extension for WebGL target not found
Refreshing native plugins compatible for Editor in 0.43 ms, found 1 plugins.
Preloading 0 native plugins for Editor in 0.00 ms.
Invoked RoslynAnalysisRunner static constructor.
RoslynAnalysisRunner will not be running.
RoslynAnalysisRunner has terminated.
Mono: successfully reloaded assembly
- Completed reload, in  0.685 seconds
Platform modules already initialized, skipping
Refreshing native plugins compatible for Editor in 0.44 ms, found 1 plugins.
Preloading 0 native plugins for Editor in 0.00 ms.
Unloading 1860 Unused Serialized files (Serialized files now loaded: 0)
System memory in use before: 305.2 MB.
System memory in use after: 305.3 MB.

Unloading 15 unused Assets to reduce memory usage. Loaded Objects now: 2519.
Total: 1.978100 ms (FindLiveObjects: 0.316500 ms CreateObjectMapping: 0.058800 ms MarkObjects: 1.578900 ms  DeleteObjects: 0.022700 ms)

========================================================================
Received Prepare
Registering precompiled user dll's ...
Registered in 0.002988 seconds.
Begin MonoManager ReloadAssembly
Native extension for WindowsStandalone target not found
Native extension for WebGL target not found
Refreshing native plugins compatible for Editor in 0.44 ms, found 1 plugins.
Preloading 0 native plugins for Editor in 0.00 ms.
Invoked RoslynAnalysisRunner static constructor.
RoslynAnalysisRunner will not be running.
RoslynAnalysisRunner has terminated.
Mono: successfully reloaded assembly
- Completed reload, in  0.683 seconds
Platform modules already initialized, skipping
Refreshing native plugins compatible for Editor in 0.42 ms, found 1 plugins.
Preloading 0 native plugins for Editor in 0.00 ms.
Unloading 1860 Unused Serialized files (Serialized files now loaded: 0)
System memory in use before: 305.2 MB.
System memory in use after: 305.3 MB.

Unloading 15 unused Assets to reduce memory usage. Loaded Objects now: 2522.
Total: 1.729900 ms (FindLiveObjects: 0.244300 ms CreateObjectMapping: 0.054400 ms MarkObjects: 1.414700 ms  DeleteObjects: 0.015400 ms)

========================================================================
Received Prepare
Registering precompiled user dll's ...
Registered in 0.002954 seconds.
Begin MonoManager ReloadAssembly
Native extension for WindowsStandalone target not found
Native extension for WebGL target not found
Refreshing native plugins compatible for Editor in 0.43 ms, found 1 plugins.
Preloading 0 native plugins for Editor in 0.00 ms.
Invoked RoslynAnalysisRunner static constructor.
RoslynAnalysisRunner will not be running.
RoslynAnalysisRunner has terminated.
Mono: successfully reloaded assembly
- Completed reload, in  0.667 seconds
Platform modules already initialized, skipping
Refreshing native plugins compatible for Editor in 0.49 ms, found 1 plugins.
Preloading 0 native plugins for Editor in 0.00 ms.
Unloading 1860 Unused Serialized files (Serialized files now loaded: 0)
System memory in use before: 305.2 MB.
System memory in use after: 305.3 MB.

Unloading 15 unused Assets to reduce memory usage. Loaded Objects now: 2525.
Total: 1.747600 ms (FindLiveObjects: 0.217800 ms CreateObjectMapping: 0.045500 ms MarkObjects: 1.468800 ms  DeleteObjects: 0.014700 ms)

========================================================================
Received Import Request.
  Time since last request: 1156.068330 seconds.
  path: Assets/Scripts/GameManager.cs
  artifactKey: Guid(399c23005719c764c847c1097ba8fb7a) Importer(815301076,1909f56bfc062723c751e8b465ee728b)
Start importing Assets/Scripts/GameManager.cs using Guid(399c23005719c764c847c1097ba8fb7a) Importer(815301076,1909f56bfc062723c751e8b465ee728b)  -> (artifact id: '0427d84f7b17bb286a08e08f1355d86b') in 0.008880 seconds
  Import took 0.012928 seconds .

========================================================================
Received Import Request.
  Time since last request: 0.014776 seconds.
  path: Assets/Scripts/GameManager.cs
  artifactKey: Guid(399c23005719c764c847c1097ba8fb7a) Importer(815301076,1909f56bfc062723c751e8b465ee728b)
Start importing Assets/Scripts/GameManager.cs using Guid(399c23005719c764c847c1097ba8fb7a) Importer(815301076,1909f56bfc062723c751e8b465ee728b)  -> (artifact id: '0427d84f7b17bb286a08e08f1355d86b') in 0.002586 seconds
  Import took 0.005659 seconds .

========================================================================
Received Prepare
Registering precompiled user dll's ...
Registered in 0.003021 seconds.
Begin MonoManager ReloadAssembly
Native extension for WindowsStandalone target not found
Native extension for WebGL target not found
Refreshing native plugins compatible for Editor in 0.43 ms, found 1 plugins.
Preloading 0 native plugins for Editor in 0.00 ms.
Invoked RoslynAnalysisRunner static constructor.
RoslynAnalysisRunner will not be running.
RoslynAnalysisRunner has terminated.
Mono: successfully reloaded assembly
- Completed reload, in  0.675 seconds
Platform modules already initialized, skipping
Refreshing native plugins compatible for Editor in 0.62 ms, found 1 plugins.
Preloading 0 native plugins for Editor in 0.00 ms.
Unloading 1860 Unused Serialized files (Serialized files now loaded: 0)
System memory in use before: 305.2 MB.
System memory in use after: 305.3 MB.

Unloading 15 unused Assets to reduce memory usage. Loaded Objects now: 2528.
Total: 1.796800 ms (FindLiveObjects: 0.268400 ms CreateObjectMapping: 0.047300 ms MarkObjects: 1.463000 ms  DeleteObjects: 0.016900 ms)

========================================================================
Received Import Request.
  Time since last request: 142.865081 seconds.
  path: Assets/Scripts/GameManager.cs
  artifactKey: Guid(399c23005719c764c847c1097ba8fb7a) Importer(815301076,1909f56bfc062723c751e8b465ee728b)
Start importing Assets/Scripts/GameManager.cs using Guid(399c23005719c764c847c1097ba8fb7a) Importer(815301076,1909f56bfc062723c751e8b465ee728b)  -> (artifact id: 'faa98ad1f2b259eecee943f3070beb30') in 0.007633 seconds
  Import took 0.011464 seconds .

========================================================================
Received Prepare
Registering precompiled user dll's ...
Registered in 0.003069 seconds.
Begin MonoManager ReloadAssembly
Native extension for WindowsStandalone target not found
Native extension for WebGL target not found
Refreshing native plugins compatible for Editor in 0.47 ms, found 1 plugins.
Preloading 0 native plugins for Editor in 0.00 ms.
Invoked RoslynAnalysisRunner static constructor.
RoslynAnalysisRunner will not be running.
RoslynAnalysisRunner has terminated.
Mono: successfully reloaded assembly
- Completed reload, in  0.686 seconds
Platform modules already initialized, skipping
Refreshing native plugins compatible for Editor in 0.45 ms, found 1 plugins.
Preloading 0 native plugins for Editor in 0.00 ms.
Unloading 1860 Unused Serialized files (Serialized files now loaded: 0)
System memory in use before: 305.2 MB.
System memory in use after: 305.3 MB.

Unloading 15 unused Assets to reduce memory usage. Loaded Objects now: 2531.
Total: 2.158600 ms (FindLiveObjects: 0.262900 ms CreateObjectMapping: 0.044500 ms MarkObjects: 1.827200 ms  DeleteObjects: 0.023000 ms)

========================================================================
Received Prepare
Registering precompiled user dll's ...
Registered in 0.003062 seconds.
Begin MonoManager ReloadAssembly
Native extension for WindowsStandalone target not found
Native extension for WebGL target not found
Refreshing native plugins compatible for Editor in 0.47 ms, found 1 plugins.
Preloading 0 native plugins for Editor in 0.00 ms.
Invoked RoslynAnalysisRunner static constructor.
RoslynAnalysisRunner will not be running.
RoslynAnalysisRunner has terminated.
Mono: successfully reloaded assembly
- Completed reload, in  0.729 seconds
Platform modules already initialized, skipping
Refreshing native plugins compatible for Editor in 0.47 ms, found 1 plugins.
Preloading 0 native plugins for Editor in 0.00 ms.
Unloading 1860 Unused Serialized files (Serialized files now loaded: 0)
System memory in use before: 305.2 MB.
System memory in use after: 305.3 MB.

Unloading 15 unused Assets to reduce memory usage. Loaded Objects now: 2534.
Total: 1.621800 ms (FindLiveObjects: 0.188100 ms CreateObjectMapping: 0.040900 ms MarkObjects: 1.377900 ms  DeleteObjects: 0.014000 ms)

========================================================================
Received Prepare
Registering precompiled user dll's ...
Registered in 0.003053 seconds.
Begin MonoManager ReloadAssembly
Native extension for WindowsStandalone target not found
Native extension for WebGL target not found
Refreshing native plugins compatible for Editor in 0.46 ms, found 1 plugins.
Preloading 0 native plugins for Editor in 0.00 ms.
Invoked RoslynAnalysisRunner static constructor.
RoslynAnalysisRunner will not be running.
RoslynAnalysisRunner has terminated.
Mono: successfully reloaded assembly
- Completed reload, in  0.687 seconds
Platform modules already initialized, skipping
Refreshing native plugins compatible for Editor in 0.47 ms, found 1 plugins.
Preloading 0 native plugins for Editor in 0.00 ms.
Unloading 1860 Unused Serialized files (Serialized files now loaded: 0)
System memory in use before: 305.2 MB.
System memory in use after: 305.3 MB.

Unloading 15 unused Assets to reduce memory usage. Loaded Objects now: 2537.
Total: 1.659100 ms (FindLiveObjects: 0.218700 ms CreateObjectMapping: 0.044700 ms MarkObjects: 1.380400 ms  DeleteObjects: 0.014500 ms)

